<?xml version="1.0" encoding="UTF-8"?>
<!-- Generated by org.testng.reporters.JUnitReportReporter -->
<testsuite hostname="DESKTOP-S3JJN8J" failures="0" tests="1" name="ProductSearchTest" time="18.564" errors="0" timestamp="2025-09-24T13:00:17 IST" skipped="0">
  <testcase classname="ProductSearchTest" name="testProductSearch" time="18.564"/>
</testsuite> <!-- ProductSearchTest -->
